<?xml version="1.0" encoding="UTF-8"?>
<!-- Generated by org.testng.reporters.JUnitReportReporter -->
<testsuite hostname="KPrathiksha" failures="0" tests="2" name="test.day1" time="0.007" errors="0" timestamp="2022-07-15T22:20:45 IST" skipped="0">
  <testcase classname="test.day1" name="firstTest" time="0.006"/>
  <system-out/>
  <testcase classname="test.day1" name="secondTest" time="0.001"/>
  <system-out/>
</testsuite> <!-- test.day1 -->
