<?xml version="1.0" encoding="UTF-8"?>
<!-- Generated by org.testng.reporters.JUnitReportReporter -->
<testsuite hostname="KPrathiksha" failures="0" tests="4" name="annotaions.Registration_Page" time="0.006" errors="0" timestamp="2022-07-15T22:35:36 IST" skipped="0">
  <testcase classname="annotaions.Registration_Page" name="lName" time="0.001"/>
  <system-out/>
  <testcase classname="annotaions.Registration_Page" name="fName" time="0.001"/>
  <system-out/>
  <testcase classname="annotaions.Registration_Page" name="confirmEmail" time="0.004"/>
  <system-out/>
  <testcase classname="annotaions.Registration_Page" name="emailId" time="0.000"/>
  <system-out/>
</testsuite> <!-- annotaions.Registration_Page -->
