<?xml version="1.0" encoding="UTF-8"?>
<!-- Generated by org.testng.reporters.JUnitReportReporter -->
<testsuite hostname="KPrathiksha" failures="0" tests="3" name="test.day3" time="0.002" errors="0" timestamp="2022-07-15T22:20:45 IST" skipped="0">
  <testcase classname="test.day3" name="MobileLoginHomeLoan" time="0.000"/>
  <system-out/>
  <testcase classname="test.day3" name="WebLoginHomeLoan" time="0.001"/>
  <system-out/>
  <testcase classname="test.day3" name="ApiLoginHomeLoan" time="0.001"/>
  <system-out/>
</testsuite> <!-- test.day3 -->
